types.h
sys/ioctl.h
sys/sockio.h
sys/ioccom.h
sys/ioctlos2.h
sys/so_ioctl.h
sys/socket.h
machine/endian.h
net/if.h
net/if_arp.h
net/route.h
netdb.h
netinet/if_ether.h
netinet/igmp.h
netinet/in.h
netinet/in_systm.h
netinet/ip.h
netinet/ip_var.h
netinet/tcp.h
netinet/tcp_var.h
netinet/udp.h
netinet/udp_var.h
netinet/ip_icmp.h
netinet/icmp_var.h
netinet/igmp_var.h
netinet/ip_mrout.h
netinet/tcpip.h
netinet/tcp_time.h
netnb/nb.h
sys/cdefs.h
sys/param.h
sys/time.h
sys/uio.h
sys/un.h
unistd.h
sys/select.h
arpa/tftp.h
arpa/ftp.h
arpa/inet.h
arpa/nameser.h
arpa/telnet.h
resolv.h
protocol/routed.h
protocol/rwhod.h
protocol/talkd.h
protocol/timed.h
net/if_dl.h
machine/ansi.h
machine/types.h
utils.h
socks.h
